<?xml version="1.0"?>
<testsuite name="Chrome Headless 128.0.0.0 (Linux x86_64)" package="" timestamp="2024-08-30T16:00:39" id="0" hostname="e42922e1a478" tests="301" errors="0" failures="0" time="1.322">
  <properties>
    <property name="browser.fullName" value="Mozilla/5.0 (X11; Linux x86_64) AppleWebKit/537.36 (KHTML, like Gecko) HeadlessChrome/128.0.0.0 Safari/537.36"/>
  </properties>
  <testcase name="AppComponent should create the app" time="0.074" classname="AppComponent"/>
  <testcase name="TokenAdminGuard should be created" time="0.003" classname="TokenAdminGuard"/>
  <testcase name="TokenAdminGuard should allow activation for authenticated admin user" time="0.002" classname="TokenAdminGuard"/>
  <testcase name="TokenAdminGuard should navigate to /loginsocial for authenticated non-admin user" time="0.002" classname="TokenAdminGuard"/>
  <testcase name="TokenAdminGuard should navigate to /loginsocial with returnUrl for unauthenticated user" time="0.002" classname="TokenAdminGuard"/>
  <testcase name="AuthGuard should be created" time="0.006" classname="AuthGuard"/>
  <testcase name="AuthGuard should return true for a logged in user" time="0.003" classname="AuthGuard"/>
  <testcase name="AuthGuard should navigate to loginsocial for a logged out user" time="0.002" classname="AuthGuard"/>
  <testcase name="TokenSuperAdminGuard should allow access if user is authenticated and role is ADMIN" time="0.002" classname="TokenSuperAdminGuard"/>
  <testcase name="TokenSuperAdminGuard should deny access and navigate to /homeAdmin if user is not ADMIN" time="0.001" classname="TokenSuperAdminGuard"/>
  <testcase name="TokenSuperAdminGuard should deny access and navigate to /loginsocial if user is not authenticated" time="0.001" classname="TokenSuperAdminGuard"/>
  <testcase name="WithTokenGuard should be created" time="0.005" classname="WithTokenGuard"/>
  <testcase name="WithTokenGuard should return false for a logged in user" time="0.003" classname="WithTokenGuard"/>
  <testcase name="WithTokenGuard should return true for a logged out user" time="0.001" classname="WithTokenGuard"/>
  <testcase name="TokenInterceptorService should be created" time="0.001" classname="TokenInterceptorService"/>
  <testcase name="TokenInterceptorService should add header Authorization to request" time="0.002" classname="TokenInterceptorService"/>
  <testcase name="AdminGuard should be created" time="0.002" classname="AdminGuard"/>
  <testcase name="AdminGuard should return false for a user with role ADMIN" time="0.001" classname="AdminGuard"/>
  <testcase name="AdminGuard should return false for a user with role USER" time="0.001" classname="AdminGuard"/>
  <testcase name="AlertService should be created" time="0.002" classname="AlertService"/>
  <testcase name="AlertService should call errorMessage" time="0.001" classname="AlertService"/>
  <testcase name="AuthService should be created" time="0.001" classname="AuthService"/>
  <testcase name="AuthService should register a user" time="0.002" classname="AuthService"/>
  <testcase name="AuthService should login a user" time="0.002" classname="AuthService"/>
  <testcase name="AuthService should activate a user account" time="0.001" classname="AuthService"/>
  <testcase name="AuthService should resend a code" time="0.001" classname="AuthService"/>
  <testcase name="AuthService should send an email to reset password" time="0.001" classname="AuthService"/>
  <testcase name="AuthService should verify code to reset password" time="0.002" classname="AuthService"/>
  <testcase name="AuthService should update password" time="0.001" classname="AuthService"/>
  <testcase name="AuthService should refresh token" time="0.001" classname="AuthService"/>
  <testcase name="AuthService should logout" time="0.002" classname="AuthService"/>
  <testcase name="AuthService deve configurar o administrador" time="0.001" classname="AuthService"/>
  <testcase name="DateService should be created" time="0.001" classname="DateService"/>
  <testcase name="DateService Getting the current date should return a valid current date" time="0.001" classname="DateService Getting the current date"/>
  <testcase name="DateService Getting the current time should return a valid current time in &quot;HH:mm&quot; format" time="0.001" classname="DateService Getting the current time"/>
  <testcase name="DateService Formatting the time string should pad zero for single-digit hours" time="0.001" classname="DateService Formatting the time string"/>
  <testcase name="DateService Formatting the time string should not pad zero for double-digit hours" time="0.001" classname="DateService Formatting the time string"/>
  <testcase name="DateService Converting a time string to Date should convert time string to a valid Date object" time="0.001" classname="DateService Converting a time string to Date"/>
  <testcase name="EmailService should be created" time="0.001" classname="EmailService"/>
  <testcase name="EmailService should call sendEmail" time="0.001" classname="EmailService"/>
  <testcase name="GridService should be created" time="0.001" classname="GridService"/>
  <testcase name="Profile should be created" time="0.002" classname="Profile"/>
  <testcase name="Profile should return true for a user with role ADMIN" time="0.001" classname="Profile"/>
  <testcase name="Profile should return false for a user with role USER" time="0.001" classname="Profile"/>
  <testcase name="Profile should return false if no token is provided" time="0.001" classname="Profile"/>
  <testcase name="UserService should be created" time="0.002" classname="UserService"/>
  <testcase name="UserService should return a single user" time="0.001" classname="UserService"/>
  <testcase name="UserService should return a list of users" time="0.001" classname="UserService"/>
  <testcase name="UserService should update a user" time="0.001" classname="UserService"/>
  <testcase name="UserService should delete a user" time="0.001" classname="UserService"/>
  <testcase name="UserService should update user role" time="0.001" classname="UserService"/>
  <testcase name="VideoCommentService should be created" time="0.001" classname="VideoCommentService"/>
  <testcase name="VideoCommentService should get User data" time="0.001" classname="VideoCommentService"/>
  <testcase name="VideoCommentService should get Comments data" time="0.001" classname="VideoCommentService"/>
  <testcase name="VideoCommentService should post Comment" time="0.001" classname="VideoCommentService"/>
  <testcase name="VideoCommentService should update Comment" time="0.001" classname="VideoCommentService"/>
  <testcase name="VideoCommentService should delete Comment" time="0.001" classname="VideoCommentService"/>
  <testcase name="VideoService should be created" time="0.001" classname="VideoService"/>
  <testcase name="VideoService findAll should return all videos by institution" time="0.002" classname="VideoService findAll"/>
  <testcase name="VideoService findVideoById should return a video" time="0.001" classname="VideoService findVideoById"/>
  <testcase name="VideoService setVideosCatalog should set videos catalog" time="0.001" classname="VideoService setVideosCatalog"/>
  <testcase name="VideoService getVideosCatalog should get videos catalog" time="0.001" classname="VideoService getVideosCatalog"/>
  <testcase name="VideoService videosCatalog should categorize videos correctly based on keywords" time="0.002" classname="VideoService videosCatalog"/>
  <testcase name="VideoService videosCatalog should handle videos with titles not matching any keyword and assign them to UnBTV category" time="0.001" classname="VideoService videosCatalog"/>
  <testcase name="VideoService addToWatchLater should add a video to the watch later list" time="0.001" classname="VideoService addToWatchLater"/>
  <testcase name="VideoService removeFromWatchLater should remove a video from the watch later list" time="0.002" classname="VideoService removeFromWatchLater"/>
  <testcase name="VideoService checkWatchLater should check if a video is in the watch later list" time="0.001" classname="VideoService checkWatchLater"/>
  <testcase name="VideoService getWatchLaterVideos should get all videos in the watch later list for a user" time="0.001" classname="VideoService getWatchLaterVideos"/>
  <testcase name="VideoService getFavoriteVideos should get all videos in favorite list for a user" time="0.001" classname="VideoService getFavoriteVideos"/>
  <testcase name="VideoService addToFavorite should add a video to the favorite list" time="0.001" classname="VideoService addToFavorite"/>
  <testcase name="VideoService removeFromFavorite should remove a video from the favorite list" time="0.001" classname="VideoService removeFromFavorite"/>
  <testcase name="VideoService checkFavorite should check if a video is in the favorite list" time="0.001" classname="VideoService checkFavorite"/>
  <testcase name="VideoService getFavoriteVideos should get all videos in favorite list for a user" time="0.001" classname="VideoService getFavoriteVideos"/>
  <testcase name="VideoService checkRecord should check the user record history" time="0.001" classname="VideoService checkRecord"/>
  <testcase name="VideoService addToRecord should add a video to the record history" time="0.009" classname="VideoService addToRecord"/>
  <testcase name="VideoService toggleTracking should toggle tracking on or off" time="0.002" classname="VideoService toggleTracking"/>
  <testcase name="VideoService getRecordSorted should get the sorted record videos" time="0.001" classname="VideoService getRecordSorted"/>
  <testcase name="VideoService checkTrackingStatus should check the tracking status for the user" time="0.001" classname="VideoService checkTrackingStatus"/>
  <testcase name="VideoService filterVideosByCategory should return videos that match the specified category" time="0.001" classname="VideoService filterVideosByCategory"/>
  <testcase name="VideoService filterVideosByCategory should return an empty array if no videos match the category" time="0.001" classname="VideoService filterVideosByCategory"/>
  <testcase name="VideoService filterVideosByCategory should handle an empty video list" time="0.001" classname="VideoService filterVideosByCategory"/>
  <testcase name="VideoService getCatalogAndProgramMaps should return correct catalog and program maps" time="0.001" classname="VideoService getCatalogAndProgramMaps"/>
  <testcase name="VideoService findProgramName should return the correct program name for the current video" time="0" classname="VideoService findProgramName"/>
  <testcase name="VideoService findProgramName should return &quot;unbtv&quot; if the video is not found in any program" time="0" classname="VideoService findProgramName"/>
  <testcase name="VideoService recommendVideo should recommend the next video in the same program if not watched" time="0" classname="VideoService recommendVideo"/>
  <testcase name="VideoService recommendVideo should recommend a video from the same category if all videos in the program are watched" time="0" classname="VideoService recommendVideo"/>
  <testcase name="VideoService recommendVideo should return the recommended video id if all videos in the category are watched" time="0" classname="VideoService recommendVideo"/>
  <testcase name="VideoService recommendVideo should return the recommended video id if the program or category does not exist" time="0" classname="VideoService recommendVideo"/>
  <testcase name="VideoService getRecommendationFromRecord should get the recommendation from record for a user" time="0.001" classname="VideoService getRecommendationFromRecord"/>
  <testcase name="BackgroundComponent should create" time="0.005" classname="BackgroundComponent"/>
  <testcase name="BackgroundComponent Identifies User Device should identify a mobile device - Android" time="0.004" classname="BackgroundComponent Identifies User Device"/>
  <testcase name="BackgroundComponent Identifies User Device should identify a mobile device - iPhone" time="0.004" classname="BackgroundComponent Identifies User Device"/>
  <testcase name="BackgroundComponent Identifies User Device should identify a mobile device - iPad" time="0.004" classname="BackgroundComponent Identifies User Device"/>
  <testcase name="BackgroundComponent Identifies User Device should identify a mobile device - iPod" time="0.003" classname="BackgroundComponent Identifies User Device"/>
  <testcase name="BackgroundComponent Identifies User Device should identify a mobile device - Windows Phone" time="0.003" classname="BackgroundComponent Identifies User Device"/>
  <testcase name="BackgroundComponent Identifies User Device should identify a mobile device - BlackBerry" time="0.004" classname="BackgroundComponent Identifies User Device"/>
  <testcase name="BackgroundComponent Identifies User Device should identify a non-mobile device" time="0.004" classname="BackgroundComponent Identifies User Device"/>
  <testcase name="VideoCommentComponent should create" time="0.012" classname="VideoCommentComponent"/>
  <testcase name="VideoCommentComponent should have a valid form on initialization" time="0.004" classname="VideoCommentComponent"/>
  <testcase name="VideoCommentComponent should call addComment method when the form is submitted" time="0.008" classname="VideoCommentComponent"/>
  <testcase name="VideoCommentComponent should call alert when form is not valid for required field" time="0.004" classname="VideoCommentComponent"/>
  <testcase name="VideoCommentComponent should call alert when form is not valid for lenght of field" time="0.004" classname="VideoCommentComponent"/>
  <testcase name="VideoCommentComponent should call toggleComments method when &quot;Comentarios&quot; is clicked" time="0.003" classname="VideoCommentComponent"/>
  <testcase name="VideoCommentComponent should call set userId to 0 when not authenticated" time="0.002" classname="VideoCommentComponent"/>
  <testcase name="VideoCommentComponent shoud call getComments" time="0.002" classname="VideoCommentComponent"/>
  <testcase name="VideoCommentComponent should call getComments and return an error" time="0.206" classname="VideoCommentComponent"/>
  <testcase name="VideoCommentComponent should call addComment and return an error" time="0.005" classname="VideoCommentComponent"/>
  <testcase name="VideoCommentComponent should call getUserName and return an error" time="0.004" classname="VideoCommentComponent"/>
  <testcase name="AgoraComponent should create" time="0.002" classname="AgoraComponent"/>
  <testcase name="ActiveAccountComponent should create" time="0.005" classname="ActiveAccountComponent"/>
  <testcase name="ActiveAccountComponent should call activeAccount method when the form is submitted" time="0.006" classname="ActiveAccountComponent"/>
  <testcase name="ActiveAccountComponent should call AlertServiceShowMessage when form is  valid" time="0.004" classname="ActiveAccountComponent"/>
  <testcase name="ActiveAccountComponent should call AlertServiceShowMessage when form is not valid" time="0.005" classname="ActiveAccountComponent"/>
  <testcase name="ActiveAccountComponent should call activeAccount and return an error" time="0.004" classname="ActiveAccountComponent"/>
  <testcase name="ActiveAccountComponent should call resendCode" time="0.003" classname="ActiveAccountComponent"/>
  <testcase name="ActiveAccountComponent should call resendCode with invalid form" time="0.004" classname="ActiveAccountComponent"/>
  <testcase name="ActiveAccountComponent should call resendCode and return an error" time="0.003" classname="ActiveAccountComponent"/>
  <testcase name="ActiveAccountComponent should resend code on clicking &quot;Reenviar Código&quot;" time="0.003" classname="ActiveAccountComponent"/>
  <testcase name="CatalogComponent should create" time="0.021" classname="CatalogComponent"/>
  <testcase name="CatalogComponent should call findAll and getUserDetails on init if authenticated" time="0.007" classname="CatalogComponent"/>
  <testcase name="CatalogComponent should populate videosEduplay and unbTvVideos on findAll success" time="0.007" classname="CatalogComponent"/>
  <testcase name="CatalogComponent should log error on findAll error" time="0.007" classname="CatalogComponent"/>
  <testcase name="CatalogComponent should filter videos based on filterTitle" time="0.007" classname="CatalogComponent"/>
  <testcase name="CatalogComponent should navigate to /videos on program click" time="0.006" classname="CatalogComponent"/>
  <testcase name="CatalogComponent should populate favoriteVideos on getFavoriteVideos success" time="0.006" classname="CatalogComponent"/>
  <testcase name="CatalogComponent should log warning on getFavoriteVideos with unexpected structure" time="0.006" classname="CatalogComponent"/>
  <testcase name="CatalogComponent should filter videos to favorite when checkbox is checked" time="0.006" classname="CatalogComponent"/>
  <testcase name="CatalogComponent should not filter videos to favorite when checkbox is unchecked" time="0.006" classname="CatalogComponent"/>
  <testcase name="CatalogComponent should populate watchLaterVideos on getWatchLaterVideos success" time="0.006" classname="CatalogComponent"/>
  <testcase name="CatalogComponent should log warning on getWatchLaterVideos with unexpected structure" time="0.005" classname="CatalogComponent"/>
  <testcase name="CatalogComponent should filter videos to watch later when checkbox is checked" time="0.005" classname="CatalogComponent"/>
  <testcase name="CatalogComponent should not filter videos to watch later when checkbox is unchecked" time="0.006" classname="CatalogComponent"/>
  <testcase name="AdminActivateComponent deve criar o componente" time="0.002" classname="AdminActivateComponent"/>
  <testcase name="AdminActivateComponent deve chamar setupAdmin se o email for fornecido em queryParams" time="0.002" classname="AdminActivateComponent"/>
  <testcase name="AdminActivateComponent deve mostrar mensagem de sucesso e navegar para /homeAdmin ao configurar admin com sucesso" time="0.001" classname="AdminActivateComponent"/>
  <testcase name="AdminActivateComponent deve mostrar mensagem de erro e navegar para /loginsocial em caso de erro ao configurar admin" time="0.001" classname="AdminActivateComponent"/>
  <testcase name="CategoryTableComponent should create" time="0.01" classname="CategoryTableComponent"/>
  <testcase name="CategoryTableComponent should initialize with default values" time="0.004" classname="CategoryTableComponent"/>
  <testcase name="CategoryTableComponent should call findAll on ngOnInit" time="0.003" classname="CategoryTableComponent"/>
  <testcase name="CategoryTableComponent should fetch and process videos in findAll" time="0.002" classname="CategoryTableComponent"/>
  <testcase name="CategoryTableComponent should handle errors in findAll" time="0.002" classname="CategoryTableComponent"/>
  <testcase name="CategoryTableComponent should filter videos by channel" time="0.002" classname="CategoryTableComponent"/>
  <testcase name="CategoryTableComponent should aggregate videos by category" time="0.002" classname="CategoryTableComponent"/>
  <testcase name="CategoryTableComponent should filter aggregated videos by selected categories" time="0.001" classname="CategoryTableComponent"/>
  <testcase name="CategoryTableComponent should sort aggregated videos by selected column" time="0.002" classname="CategoryTableComponent"/>
  <testcase name="CategoryTableComponent should set sort column and order" time="0.002" classname="CategoryTableComponent"/>
  <testcase name="CategoryTableComponent should call confirm of confirmationService when logout is clicked" time="0.006" classname="CategoryTableComponent"/>
  <testcase name="CategoryTableComponent should select all categories and set filteredAggregatedVideos when &quot;Todas&quot; is selected" time="0.002" classname="CategoryTableComponent"/>
  <testcase name="CategoryTableComponent should deselect all categories and set filteredAggregatedVideos to empty when &quot;Todas&quot; is not selected and 8 categories are selected" time="0.001" classname="CategoryTableComponent"/>
  <testcase name="CategoryTableComponent should set filteredAggregatedVideos to empty when no categories are selected" time="0.001" classname="CategoryTableComponent"/>
  <testcase name="CheckCodeRestPasswordComponent should create" time="0.004" classname="CheckCodeRestPasswordComponent"/>
  <testcase name="CheckCodeRestPasswordComponent should call sendEmail method when the form is submitted" time="0.003" classname="CheckCodeRestPasswordComponent"/>
  <testcase name="CheckCodeRestPasswordComponent should call showMessage when form is not valid" time="0.003" classname="CheckCodeRestPasswordComponent"/>
  <testcase name="CheckCodeRestPasswordComponent should call sendEmail and return an error" time="0.002" classname="CheckCodeRestPasswordComponent"/>
  <testcase name="CheckCodeRestPasswordComponent should call checkCode method when the form is submitted" time="0.004" classname="CheckCodeRestPasswordComponent"/>
  <testcase name="CheckCodeRestPasswordComponent should call showMessage when form is not valid" time="0.004" classname="CheckCodeRestPasswordComponent"/>
  <testcase name="CheckCodeRestPasswordComponent should call checkCode and return an error" time="0.002" classname="CheckCodeRestPasswordComponent"/>
  <testcase name="ControleSuperAdminComponent should create" time="0.006" classname="ControleSuperAdminComponent"/>
  <testcase name="ControleSuperAdminComponent should load users on init" time="0.003" classname="ControleSuperAdminComponent"/>
  <testcase name="ControleSuperAdminComponent should handle error when loading users fails" time="0.003" classname="ControleSuperAdminComponent"/>
  <testcase name="ControleSuperAdminComponent should delete a user and reload users" time="0.002" classname="ControleSuperAdminComponent"/>
  <testcase name="ControleSuperAdminComponent should handle error when deleting user fails" time="0.002" classname="ControleSuperAdminComponent"/>
  <testcase name="ControleSuperAdminComponent should confirm logout" time="0.002" classname="ControleSuperAdminComponent"/>
  <testcase name="ControleSuperAdminComponent should not logout if reject is called" time="0.002" classname="ControleSuperAdminComponent"/>
  <testcase name="DashboardCategoryComponent should create for Dashboard Category" time="0.007" classname="DashboardCategoryComponent"/>
  <testcase name="DashboardCategoryComponent should initialize with default values for Dashboard Category" time="0.003" classname="DashboardCategoryComponent"/>
  <testcase name="DashboardCategoryComponent should call findAll on ngOnInit for Dashboard Category" time="0.002" classname="DashboardCategoryComponent"/>
  <testcase name="DashboardCategoryComponent should fetch and process videos in findAll for Dashboard Category" time="0.002" classname="DashboardCategoryComponent"/>
  <testcase name="DashboardCategoryComponent should handle errors in findAll for Dashboard Category" time="0.001" classname="DashboardCategoryComponent"/>
  <testcase name="DashboardCategoryComponent should filter videos by channel for Dashboard Category" time="0.002" classname="DashboardCategoryComponent"/>
  <testcase name="DashboardCategoryComponent should call confirm of confirmationService when logout is clicked for Dashboard Category" time="0.004" classname="DashboardCategoryComponent"/>
  <testcase name="DashboardCategoryComponent should create charts with correct data for Dashboard Category" time="0.006" classname="DashboardCategoryComponent"/>
  <testcase name="DashboardCategoryComponent should aggregate videos by category and update charts for Dashboard Category" time="0.003" classname="DashboardCategoryComponent"/>
  <testcase name="EditUserComponent should create" time="0.014" classname="EditUserComponent"/>
  <testcase name="EditUserComponent should call getUser and handle success response" time="0.007" classname="EditUserComponent"/>
  <testcase name="EditUserComponent should call getVinculo and handle success response" time="0.006" classname="EditUserComponent"/>
  <testcase name="EditUserComponent should call updateUser method when the form is valid and submitted" time="0.014" classname="EditUserComponent"/>
  <testcase name="GridComponent should create" time="0.005" classname="GridComponent"/>
  <testcase name="GridComponent shoud call getGridByDay" time="0.003" classname="GridComponent"/>
  <testcase name="GridComponent should call getSchedule" time="0.002" classname="GridComponent"/>
  <testcase name="GridComponent should call getSchedule and return an error" time="0.001" classname="GridComponent"/>
  <testcase name="GridComponent should call redirect when redirect is clicked" time="0.002" classname="GridComponent"/>
  <testcase name="GridDaysComponent should create" time="0.003" classname="GridDaysComponent"/>
  <testcase name="GridDaysComponent should call redirect when redirect is clicked" time="0.002" classname="GridDaysComponent"/>
  <testcase name="HomeAdminComponent should create" time="0.004" classname="HomeAdminComponent"/>
  <testcase name="HomeAdminComponent should call confirm of confirmationService when logout is clicked" time="0.002" classname="HomeAdminComponent"/>
  <testcase name="LoginSocialComponent should create" time="0.004" classname="LoginSocialComponent"/>
  <testcase name="LoginSocialComponent should call signIn when signing in with Facebook" time="0.003" classname="LoginSocialComponent"/>
  <testcase name="LoginSocialComponent should process JWT response correctly" time="0.002" classname="LoginSocialComponent"/>
  <testcase name="LoginSocialComponent should handle Facebook login and send user data to server" time="0.003" classname="LoginSocialComponent"/>
  <testcase name="LoginComponent should create" time="0.004" classname="LoginComponent"/>
  <testcase name="LoginComponent should have a valid form on initialization" time="0.003" classname="LoginComponent"/>
  <testcase name="LoginComponent should call login method when the form is submitted with valid data" time="0.007" classname="LoginComponent"/>
  <testcase name="LoginComponent should call alert when form is submitted with invalid data" time="0.004" classname="LoginComponent"/>
  <testcase name="LoginComponent should call navigator method when &quot;Esqueceu a senha?&quot; is clicked" time="0.002" classname="LoginComponent"/>
  <testcase name="LoginComponent should call navigator method when &quot;Cadastre-se&quot; is clicked" time="0.003" classname="LoginComponent"/>
  <testcase name="LoginComponent should call navigator method when &quot;Login com redes sociais&quot; is clicked" time="0.003" classname="LoginComponent"/>
  <testcase name="LoginComponent should call login and return an error" time="0.003" classname="LoginComponent"/>
  <testcase name="ProgramacaoComponent should create" time="0.002" classname="ProgramacaoComponent"/>
  <testcase name="ProfileComponent should create" time="0.004" classname="ProfileComponent"/>
  <testcase name="ProfileComponent should call getUser" time="0.001" classname="ProfileComponent"/>
  <testcase name="ProfileComponent should call getUser and return an error" time="0.001" classname="ProfileComponent"/>
  <testcase name="ProfileComponent should call confirm of confirmationService when logout is clicked" time="0.001" classname="ProfileComponent"/>
  <testcase name="ProfileComponent should call confirm of confirmationService when deleteUser is clicked" time="0.002" classname="ProfileComponent"/>
  <testcase name="ProfileComponent should call refreshToken and set token in localStorage" time="0.001" classname="ProfileComponent"/>
  <testcase name="ProfileComponent should handle error when renewing token" time="0.002" classname="ProfileComponent"/>
  <testcase name="ProfileComponent should show renew token dialog" time="0.001" classname="ProfileComponent"/>
  <testcase name="ProfileComponent should call navigatorEdit when editUser is clicked" time="0.002" classname="ProfileComponent"/>
  <testcase name="PrivacyPolicyComponent should create" time="0.003" classname="PrivacyPolicyComponent"/>
  <testcase name="ParticipateComponent should create" time="0.003" classname="ParticipateComponent"/>
  <testcase name="RecordComponent should create" time="0.005" classname="RecordComponent"/>
  <testcase name="RecordComponent should filter videos by record and set filteredVideos correctly" time="0.002" classname="RecordComponent"/>
  <testcase name="RecordComponent should filter videos by channel and populate unbTvVideos" time="0.002" classname="RecordComponent"/>
  <testcase name="RecordComponent should call checkRecord service method and set recordVideos" time="0.002" classname="RecordComponent"/>
  <testcase name="RecordComponent should call findAll service method and set videosEduplay" time="0.003" classname="RecordComponent"/>
  <testcase name="RecordComponent should toggle tracking and update tracking status" time="0.002" classname="RecordComponent"/>
  <testcase name="RecordComponent should sort records in ascending order and update filteredVideos" time="0.002" classname="RecordComponent"/>
  <testcase name="RecordComponent should handle errors when sorting records" time="0.003" classname="RecordComponent"/>
  <testcase name="StreamViewComponent should create" time="0.006" classname="StreamViewComponent"/>
  <testcase name="StreamViewComponent Capitalizing the first letter should capitalize the first letter" time="0.004" classname="StreamViewComponent Capitalizing the first letter"/>
  <testcase name="StreamViewComponent Capitalizing the first letter should keep the first letter capitalized" time="0.003" classname="StreamViewComponent Capitalizing the first letter"/>
  <testcase name="StreamViewComponent Capitalizing the first letter should return an empty string given an empty input" time="0.003" classname="StreamViewComponent Capitalizing the first letter"/>
  <testcase name="StreamViewComponent Getting date and time information  should get the day and weekday" time="0.004" classname="StreamViewComponent Getting date and time information "/>
  <testcase name="StreamViewComponent Formatting weekday should remove &quot;-feira&quot; and convert to uppercase" time="0.004" classname="StreamViewComponent Formatting weekday"/>
  <testcase name="StreamViewComponent Formatting weekday should remain unchanged when there is no &quot;-feira&quot;" time="0.003" classname="StreamViewComponent Formatting weekday"/>
  <testcase name="StreamViewComponent Formatting weekday should remain unchanged when the string is empty" time="0.003" classname="StreamViewComponent Formatting weekday"/>
  <testcase name="StreamViewComponent Getting today's schedules should call getTodaysSchedule and return today's schedule" time="0.003" classname="StreamViewComponent Getting today's schedules"/>
  <testcase name="StreamViewComponent Getting today's schedules should call getTodaysSchedule and return an error" time="0.003" classname="StreamViewComponent Getting today's schedules"/>
  <testcase name="StreamViewComponent checkCurrentProgram should check current program" time="0.004" classname="StreamViewComponent checkCurrentProgram"/>
  <testcase name="StreamViewComponent checkCurrentProgram should set currentProgram to false and highlightedIndex to null if no current program" time="0.003" classname="StreamViewComponent checkCurrentProgram"/>
  <testcase name="RegisterComponent should create" time="0.009" classname="RegisterComponent"/>
  <testcase name="RegisterComponent should have a valid form on initialization" time="0.008" classname="RegisterComponent"/>
  <testcase name="RegisterComponent should call register method when the form is submitted" time="0.013" classname="RegisterComponent"/>
  <testcase name="RegisterComponent should call register and return message when form is invalid" time="0.011" classname="RegisterComponent"/>
  <testcase name="RegisterComponent should call register and return an error" time="0.012" classname="RegisterComponent"/>
  <testcase name="RegisterComponent should call getVinculo and return an error" time="0.006" classname="RegisterComponent"/>
  <testcase name="RegisterComponent should get vinculo from userService" time="0.005" classname="RegisterComponent"/>
  <testcase name="ResetPasswordComponent should create" time="0.005" classname="ResetPasswordComponent"/>
  <testcase name="ResetPasswordComponent should create the userForm correctly" time="0.003" classname="ResetPasswordComponent"/>
  <testcase name="ResetPasswordComponent should call changePassword" time="0.005" classname="ResetPasswordComponent"/>
  <testcase name="ResetPasswordComponent should show an alert on error" time="0.004" classname="ResetPasswordComponent"/>
  <testcase name="ResetPasswordComponent should call changePassword and return an error" time="0.005" classname="ResetPasswordComponent"/>
  <testcase name="SuggestAgendaComponent should create" time="0.008" classname="SuggestAgendaComponent"/>
  <testcase name="SuggestAgendaComponent should have a valid form on initialization" time="0.004" classname="SuggestAgendaComponent"/>
  <testcase name="SuggestAgendaComponent should call sendSuggestAgenda method when the form is submitted" time="0.01" classname="SuggestAgendaComponent"/>
  <testcase name="SuggestAgendaComponent should call sendSuggestAgenda with invalid form" time="0.01" classname="SuggestAgendaComponent"/>
  <testcase name="SuggestAgendaComponent should handle invalid URL error" time="0.004" classname="SuggestAgendaComponent"/>
  <testcase name="SuggestAgendaComponent should handle invalid phone number error" time="0.003" classname="SuggestAgendaComponent"/>
  <testcase name="SuggestAgendaComponent should send email successfully when the form is valid" time="0.004" classname="SuggestAgendaComponent"/>
  <testcase name="SuggestAgendaComponent should handle server error when sending email" time="0.005" classname="SuggestAgendaComponent"/>
  <testcase name="SuggestAgendaComponent should show alert if form is invalid and no specific error message is present" time="0.003" classname="SuggestAgendaComponent"/>
  <testcase name="SuperAdminActivateComponent should create" time="0.003" classname="SuperAdminActivateComponent"/>
  <testcase name="SuperAdminActivateComponent should call setupSuperAdmin if email is provided" time="0.003" classname="SuperAdminActivateComponent"/>
  <testcase name="SuperAdminActivateComponent should handle error if no email is provided" time="0.002" classname="SuperAdminActivateComponent"/>
  <testcase name="SuperAdminActivateComponent should show success message on successful admin setup" time="0.002" classname="SuperAdminActivateComponent"/>
  <testcase name="SuperAdminActivateComponent should handle error during admin setup" time="0.002" classname="SuperAdminActivateComponent"/>
  <testcase name="VideoComponent should create" time="0.002" classname="VideoComponent"/>
  <testcase name="VideoComponent should call getVideos " time="0.001" classname="VideoComponent"/>
  <testcase name="VideoComponent should call getVideos and return a list of videos" time="0.001" classname="VideoComponent"/>
  <testcase name="VideoComponent should call getVideos and return an error" time="0.001" classname="VideoComponent"/>
  <testcase name="VideoComponent should call returnToCatalog when the button is clicked" time="0.001" classname="VideoComponent"/>
  <testcase name="UpdateRoleComponent should create" time="0.011" classname="UpdateRoleComponent"/>
  <testcase name="UpdateRoleComponent should get all users" time="0.004" classname="UpdateRoleComponent"/>
  <testcase name="UpdateRoleComponent should get all users and data headers is null" time="0.003" classname="UpdateRoleComponent"/>
  <testcase name="UpdateRoleComponent should get all users and return error" time="0.003" classname="UpdateRoleComponent"/>
  <testcase name="UpdateRoleComponent should update pageSize and pageIndex onPaginateChange" time="0.003" classname="UpdateRoleComponent"/>
  <testcase name="UpdateRoleComponent should filter users from get users" time="0.003" classname="UpdateRoleComponent"/>
  <testcase name="UpdateRoleComponent should update user role" time="0.003" classname="UpdateRoleComponent"/>
  <testcase name="UpdateRoleComponent should update user role and return error" time="0.004" classname="UpdateRoleComponent"/>
  <testcase name="VideoViewerComponent should create" time="0.012" classname="VideoViewerComponent"/>
  <testcase name="VideoViewerComponent should call findVideoById and set video description" time="0.008" classname="VideoViewerComponent"/>
  <testcase name="VideoViewerComponent should toggle showDescription when expandDescription is called" time="0.007" classname="VideoViewerComponent"/>
  <testcase name="VideoViewerComponent should return the correct video URL" time="0.007" classname="VideoViewerComponent"/>
  <testcase name="VideoViewerComponent should share video with native share API on mobile" time="0.007" classname="VideoViewerComponent"/>
  <testcase name="VideoViewerComponent should handle unsupported share options gracefully" time="0.007" classname="VideoViewerComponent"/>
  <testcase name="VideoViewerComponent should copy video URL to clipboard if native share is not supported" time="0.008" classname="VideoViewerComponent"/>
  <testcase name="VideoViewerComponent should handle clipboard errors gracefully" time="0.008" classname="VideoViewerComponent"/>
  <testcase name="VideoViewerComponent should fetch user details and set user object" time="0.008" classname="VideoViewerComponent"/>
  <testcase name="VideoViewerComponent should toggle watch later status and call appropriate service method" time="0.008" classname="VideoViewerComponent"/>
  <testcase name="VideoViewerComponent should check watch later status and set isWatchLater correctly" time="0.008" classname="VideoViewerComponent"/>
  <testcase name="VideoViewerComponent should toggle favorite status and call appropriate service method" time="0.007" classname="VideoViewerComponent"/>
  <testcase name="VideoViewerComponent should handle favorite toggle errors gracefully" time="0.006" classname="VideoViewerComponent"/>
  <testcase name="VideoViewerComponent should call addToRecord service method with the correct parameters" time="0.007" classname="VideoViewerComponent"/>
  <testcase name="VideoViewerComponent should filter videos by record and set filteredVideos correctly video-viewer" time="0.007" classname="VideoViewerComponent"/>
  <testcase name="VideoViewerComponent should filter videos by channel and populate unbTvVideos video-viewer" time="0.009" classname="VideoViewerComponent"/>
  <testcase name="VideoViewerComponent should call checkRecord service method and set recordVideos video-viewer" time="0.008" classname="VideoViewerComponent"/>
  <testcase name="VideoViewerComponent should check tracking status and set trackingEnabled correctly" time="0.007" classname="VideoViewerComponent"/>
  <testcase name="VideoViewerComponent should handle checkTrackingStatus errors gracefully" time="0.008" classname="VideoViewerComponent"/>
  <testcase name="VideoViewerComponent should handle errors when adding to watch later" time="0.008" classname="VideoViewerComponent"/>
  <testcase name="VideoViewerComponent should handle errors when removing from watch later" time="0.007" classname="VideoViewerComponent"/>
  <testcase name="VideoViewsComponent should create" time="0.008" classname="VideoViewsComponent"/>
  <testcase name="VideoViewsComponent should initialize with default values" time="0.004" classname="VideoViewsComponent"/>
  <testcase name="VideoViewsComponent should call findAll on ngOnInit" time="0.003" classname="VideoViewsComponent"/>
  <testcase name="VideoViewsComponent should fetch and process videos in findAll" time="0.003" classname="VideoViewsComponent"/>
  <testcase name="VideoViewsComponent should handle errors in findAll" time="0.003" classname="VideoViewsComponent"/>
  <testcase name="VideoViewsComponent should clean HTML descriptions" time="0.003" classname="VideoViewsComponent"/>
  <testcase name="VideoViewsComponent should filter videos by channel" time="0.002" classname="VideoViewsComponent"/>
  <testcase name="VideoViewsComponent should filter videos based on filters and selected categories" time="0.003" classname="VideoViewsComponent"/>
  <testcase name="VideoViewsComponent should sort videos based on access count" time="0.003" classname="VideoViewsComponent"/>
  <testcase name="VideoViewsComponent should change sort order and sort videos" time="0.002" classname="VideoViewsComponent"/>
  <testcase name="VideoViewsComponent should call confirm of confirmationService when logout is clicked" time="0.004" classname="VideoViewsComponent"/>
  <system-out>
    <![CDATA[Chrome Headless 128.0.0.0 (Linux x86_64) LOG: []
,Chrome Headless 128.0.0.0 (Linux x86_64) LOG: []
,Chrome Headless 128.0.0.0 (Linux x86_64) LOG: []
,Chrome Headless 128.0.0.0 (Linux x86_64) LOG: Object{body: []}
,Chrome Headless 128.0.0.0 (Linux x86_64) LOG: []
,Chrome Headless 128.0.0.0 (Linux x86_64) LOG: []
,Chrome Headless 128.0.0.0 (Linux x86_64) LOG: []
,Chrome Headless 128.0.0.0 (Linux x86_64) LOG: []
,Chrome Headless 128.0.0.0 (Linux x86_64) LOG: Error: Erro
Error: Erro
    at errorFactory (http://localhost:9876/_karma_webpack_/webpack:/src/app/components/video-comment/video-comment.component.spec.ts:131:94)
    at Observable._subscribe (http://localhost:9876/_karma_webpack_/webpack:/node_modules/rxjs/dist/esm/internal/observable/throwError.js:5:51)
    at Observable._trySubscribe (http://localhost:9876/_karma_webpack_/webpack:/node_modules/rxjs/dist/esm/internal/Observable.js:37:25)
    at cb (http://localhost:9876/_karma_webpack_/webpack:/node_modules/rxjs/dist/esm/internal/Observable.js:31:30)
    at errorContext (http://localhost:9876/_karma_webpack_/webpack:/node_modules/rxjs/dist/esm/internal/util/errorContext.js:19:9)
    at Observable.subscribe (http://localhost:9876/_karma_webpack_/webpack:/node_modules/rxjs/dist/esm/internal/Observable.js:22:21)
    at VideoCommentComponent.getComments (http://localhost:9876/_karma_webpack_/webpack:/src/app/components/video-comment/video-comment.component.ts:53:41)
    at UserContext.apply (http://localhost:9876/_karma_webpack_/webpack:/src/app/components/video-comment/video-comment.component.spec.ts:132:15)
    at _ZoneDelegate.invoke (http://localhost:9876/_karma_webpack_/webpack:/node_modules/zone.js/fesm2015/zone.js:368:26)
    at ProxyZoneSpec.onInvoke (http://localhost:9876/_karma_webpack_/webpack:/node_modules/zone.js/fesm2015/zone-testing.js:273:39)
,Chrome Headless 128.0.0.0 (Linux x86_64) LOG: []
,Chrome Headless 128.0.0.0 (Linux x86_64) LOG: Error: Erro
Error: Erro
    at errorFactory (http://localhost:9876/_karma_webpack_/webpack:/src/app/components/video-comment/video-comment.component.spec.ts:140:94)
    at Observable._subscribe (http://localhost:9876/_karma_webpack_/webpack:/node_modules/rxjs/dist/esm/internal/observable/throwError.js:5:51)
    at Observable._trySubscribe (http://localhost:9876/_karma_webpack_/webpack:/node_modules/rxjs/dist/esm/internal/Observable.js:37:25)
    at cb (http://localhost:9876/_karma_webpack_/webpack:/node_modules/rxjs/dist/esm/internal/Observable.js:31:30)
    at errorContext (http://localhost:9876/_karma_webpack_/webpack:/node_modules/rxjs/dist/esm/internal/util/errorContext.js:19:9)
    at Observable.subscribe (http://localhost:9876/_karma_webpack_/webpack:/node_modules/rxjs/dist/esm/internal/Observable.js:22:21)
    at VideoCommentComponent.addComment (http://localhost:9876/_karma_webpack_/webpack:/src/app/components/video-comment/video-comment.component.ts:88:10)
    at UserContext.apply (http://localhost:9876/_karma_webpack_/webpack:/src/app/components/video-comment/video-comment.component.spec.ts:141:15)
    at _ZoneDelegate.invoke (http://localhost:9876/_karma_webpack_/webpack:/node_modules/zone.js/fesm2015/zone.js:368:26)
    at ProxyZoneSpec.onInvoke (http://localhost:9876/_karma_webpack_/webpack:/node_modules/zone.js/fesm2015/zone-testing.js:273:39)
,Chrome Headless 128.0.0.0 (Linux x86_64) LOG: Error: Erro
Error: Erro
    at errorFactory (http://localhost:9876/_karma_webpack_/webpack:/src/app/components/video-comment/video-comment.component.spec.ts:146:82)
    at Observable._subscribe (http://localhost:9876/_karma_webpack_/webpack:/node_modules/rxjs/dist/esm/internal/observable/throwError.js:5:51)
    at Observable._trySubscribe (http://localhost:9876/_karma_webpack_/webpack:/node_modules/rxjs/dist/esm/internal/Observable.js:37:25)
    at cb (http://localhost:9876/_karma_webpack_/webpack:/node_modules/rxjs/dist/esm/internal/Observable.js:31:30)
    at errorContext (http://localhost:9876/_karma_webpack_/webpack:/node_modules/rxjs/dist/esm/internal/util/errorContext.js:19:9)
    at Observable.subscribe (http://localhost:9876/_karma_webpack_/webpack:/node_modules/rxjs/dist/esm/internal/Observable.js:22:21)
    at VideoCommentComponent.getUserName (http://localhost:9876/_karma_webpack_/webpack:/src/app/components/video-comment/video-comment.component.ts:70:38)
    at UserContext.apply (http://localhost:9876/_karma_webpack_/webpack:/src/app/components/video-comment/video-comment.component.spec.ts:147:15)
    at _ZoneDelegate.invoke (http://localhost:9876/_karma_webpack_/webpack:/node_modules/zone.js/fesm2015/zone.js:368:26)
    at ProxyZoneSpec.onInvoke (http://localhost:9876/_karma_webpack_/webpack:/node_modules/zone.js/fesm2015/zone-testing.js:273:39)
,Chrome Headless 128.0.0.0 (Linux x86_64) LOG: Error: Erro
Error: Erro
    at errorFactory (http://localhost:9876/_karma_webpack_/webpack:/src/app/pages/active-account/active-account.component.spec.ts:126:88)
    at Observable._subscribe (http://localhost:9876/_karma_webpack_/webpack:/node_modules/rxjs/dist/esm/internal/observable/throwError.js:5:51)
    at Observable._trySubscribe (http://localhost:9876/_karma_webpack_/webpack:/node_modules/rxjs/dist/esm/internal/Observable.js:37:25)
    at cb (http://localhost:9876/_karma_webpack_/webpack:/node_modules/rxjs/dist/esm/internal/Observable.js:31:30)
    at errorContext (http://localhost:9876/_karma_webpack_/webpack:/node_modules/rxjs/dist/esm/internal/util/errorContext.js:19:9)
    at Observable.subscribe (http://localhost:9876/_karma_webpack_/webpack:/node_modules/rxjs/dist/esm/internal/Observable.js:22:21)
    at ActiveAccountComponent.activeAccount (http://localhost:9876/_karma_webpack_/webpack:/src/app/pages/active-account/active-account.component.ts:34:59)
    at UserContext.apply (http://localhost:9876/_karma_webpack_/webpack:/src/app/pages/active-account/active-account.component.spec.ts:127:15)
    at _ZoneDelegate.invoke (http://localhost:9876/_karma_webpack_/webpack:/node_modules/zone.js/fesm2015/zone.js:368:26)
    at ProxyZoneSpec.onInvoke (http://localhost:9876/_karma_webpack_/webpack:/node_modules/zone.js/fesm2015/zone-testing.js:273:39)
,Chrome Headless 128.0.0.0 (Linux x86_64) LOG: 'mario@gmail.com'
,Chrome Headless 128.0.0.0 (Linux x86_64) LOG: 'mario@gmail.com'
,Chrome Headless 128.0.0.0 (Linux x86_64) LOG: Error: Erro
Error: Erro
    at errorFactory (http://localhost:9876/_karma_webpack_/webpack:/src/app/pages/active-account/active-account.component.spec.ts:154:85)
    at Observable._subscribe (http://localhost:9876/_karma_webpack_/webpack:/node_modules/rxjs/dist/esm/internal/observable/throwError.js:5:51)
    at Observable._trySubscribe (http://localhost:9876/_karma_webpack_/webpack:/node_modules/rxjs/dist/esm/internal/Observable.js:37:25)
    at cb (http://localhost:9876/_karma_webpack_/webpack:/node_modules/rxjs/dist/esm/internal/Observable.js:31:30)
    at errorContext (http://localhost:9876/_karma_webpack_/webpack:/node_modules/rxjs/dist/esm/internal/util/errorContext.js:19:9)
    at Observable.subscribe (http://localhost:9876/_karma_webpack_/webpack:/node_modules/rxjs/dist/esm/internal/Observable.js:22:21)
    at ActiveAccountComponent.resendCode (http://localhost:9876/_karma_webpack_/webpack:/src/app/pages/active-account/active-account.component.ts:57:62)
    at UserContext.apply (http://localhost:9876/_karma_webpack_/webpack:/src/app/pages/active-account/active-account.component.spec.ts:156:15)
    at _ZoneDelegate.invoke (http://localhost:9876/_karma_webpack_/webpack:/node_modules/zone.js/fesm2015/zone.js:368:26)
    at ProxyZoneSpec.onInvoke (http://localhost:9876/_karma_webpack_/webpack:/node_modules/zone.js/fesm2015/zone-testing.js:273:39)
,Chrome Headless 128.0.0.0 (Linux x86_64) LOG: 'API response:', Object{body: [Object{id: ..., name: ...}, Object{id: ..., name: ...}]}
,Chrome Headless 128.0.0.0 (Linux x86_64) LOG: 'API response:', Object{body: [Object{id: ..., name: ...}, Object{id: ..., name: ...}]}
,Chrome Headless 128.0.0.0 (Linux x86_64) LOG: 'API response:', Object{body: [Object{id: ..., name: ...}, Object{id: ..., name: ...}]}
,Chrome Headless 128.0.0.0 (Linux x86_64) LOG: 'API response:', Object{body: [Object{id: ..., name: ...}, Object{id: ..., name: ...}]}
,Chrome Headless 128.0.0.0 (Linux x86_64) ERROR: 'Error loading users:', HttpErrorResponse{headers: HttpHeaders{normalizedNames: Map{}, lazyUpdate: null, headers: Map{}}, status: 500, statusText: 'Erro Interno do Servidor', url: null, ok: false, name: 'HttpErrorResponse', message: 'Http failure response for (unknown url): 500 Erro Interno do Servidor', error: 'Erro de rede'}
,Chrome Headless 128.0.0.0 (Linux x86_64) ERROR: '[AlertService] ERROR: 500 - Erro Interno do Servidor'
,Chrome Headless 128.0.0.0 (Linux x86_64) LOG: 'API response:', Object{body: [Object{id: ..., name: ...}, Object{id: ..., name: ...}]}
,Chrome Headless 128.0.0.0 (Linux x86_64) LOG: '[AlertService] SUCCESS: Sucesso - Usuário excluído com sucesso.'
,Chrome Headless 128.0.0.0 (Linux x86_64) LOG: 'API response:', Object{body: [Object{id: ..., name: ...}, Object{id: ..., name: ...}]}
,Chrome Headless 128.0.0.0 (Linux x86_64) LOG: 'API response:', Object{body: [Object{id: ..., name: ...}, Object{id: ..., name: ...}]}
,Chrome Headless 128.0.0.0 (Linux x86_64) ERROR: 'Error deleting user:', HttpErrorResponse{headers: HttpHeaders{normalizedNames: Map{}, lazyUpdate: null, headers: Map{}}, status: 500, statusText: 'Erro Interno do Servidor', url: null, ok: false, name: 'HttpErrorResponse', message: 'Http failure response for (unknown url): 500 Erro Interno do Servidor', error: 'Erro de rede'}
,Chrome Headless 128.0.0.0 (Linux x86_64) ERROR: '[AlertService] ERROR: 500 - Erro Interno do Servidor'
,Chrome Headless 128.0.0.0 (Linux x86_64) LOG: 'API response:', Object{body: [Object{id: ..., name: ...}, Object{id: ..., name: ...}]}
,Chrome Headless 128.0.0.0 (Linux x86_64) LOG: '[ConfirmationService] User accepted the confirmation.'
,Chrome Headless 128.0.0.0 (Linux x86_64) LOG: '[AuthService] User logged out.'
,Chrome Headless 128.0.0.0 (Linux x86_64) LOG: 'API response:', Object{body: [Object{id: ..., name: ...}, Object{id: ..., name: ...}]}
,Chrome Headless 128.0.0.0 (Linux x86_64) ERROR: 'Failed to create chart: can't acquire context from the given item'
,Chrome Headless 128.0.0.0 (Linux x86_64) ERROR: 'Failed to create chart: can't acquire context from the given item'
,Chrome Headless 128.0.0.0 (Linux x86_64) ERROR: 'Failed to create chart: can't acquire context from the given item'
,Chrome Headless 128.0.0.0 (Linux x86_64) ERROR: 'Failed to create chart: can't acquire context from the given item'
,Chrome Headless 128.0.0.0 (Linux x86_64) ERROR: 'Failed to create chart: can't acquire context from the given item'
,Chrome Headless 128.0.0.0 (Linux x86_64) LOG: undefined
,Chrome Headless 128.0.0.0 (Linux x86_64) LOG: undefined
,Chrome Headless 128.0.0.0 (Linux x86_64) LOG: undefined
,Chrome Headless 128.0.0.0 (Linux x86_64) LOG: undefined
,Chrome Headless 128.0.0.0 (Linux x86_64) LOG: Object{success: true}
,Chrome Headless 128.0.0.0 (Linux x86_64) ERROR: Error: Erro
Error: Erro
    at errorFactory (http://localhost:9876/_karma_webpack_/webpack:/src/app/pages/grid/grid.component.spec.ts:59:86)
    at Observable._subscribe (http://localhost:9876/_karma_webpack_/webpack:/node_modules/rxjs/dist/esm/internal/observable/throwError.js:5:51)
    at Observable._trySubscribe (http://localhost:9876/_karma_webpack_/webpack:/node_modules/rxjs/dist/esm/internal/Observable.js:37:25)
    at cb (http://localhost:9876/_karma_webpack_/webpack:/node_modules/rxjs/dist/esm/internal/Observable.js:31:30)
    at errorContext (http://localhost:9876/_karma_webpack_/webpack:/node_modules/rxjs/dist/esm/internal/util/errorContext.js:19:9)
    at Observable.subscribe (http://localhost:9876/_karma_webpack_/webpack:/node_modules/rxjs/dist/esm/internal/Observable.js:22:21)
    at GridComponent.getGridByDay (http://localhost:9876/_karma_webpack_/webpack:/src/app/pages/grid/grid.component.ts:32:44)
    at UserContext.apply (http://localhost:9876/_karma_webpack_/webpack:/src/app/pages/grid/grid.component.spec.ts:60:15)
    at _ZoneDelegate.invoke (http://localhost:9876/_karma_webpack_/webpack:/node_modules/zone.js/fesm2015/zone.js:368:26)
    at ProxyZoneSpec.onInvoke (http://localhost:9876/_karma_webpack_/webpack:/node_modules/zone.js/fesm2015/zone-testing.js:273:39)
,Chrome Headless 128.0.0.0 (Linux x86_64) LOG: 'Resposta do servidor:', Object{access_token: 'mock-token', is_new_user: false, user_id: 'mock-user-id'}
,Chrome Headless 128.0.0.0 (Linux x86_64) WARN: 'Navigation triggered outside Angular zone, did you forget to call 'ngZone.run()'?'
,Chrome Headless 128.0.0.0 (Linux x86_64) LOG: 'Resposta do servidor:', Object{access_token: 'mock-token', is_new_user: false, user_id: 'mock-user-id'}
,Chrome Headless 128.0.0.0 (Linux x86_64) WARN: 'Navigation triggered outside Angular zone, did you forget to call 'ngZone.run()'?'
,Chrome Headless 128.0.0.0 (Linux x86_64) WARN: 'Spec 'LoginSocialComponent should process JWT response correctly' has no expectations.'
,Chrome Headless 128.0.0.0 (Linux x86_64) LOG: 'Resposta do servidor:', Object{access_token: 'mock-token', is_new_user: false, user_id: 'mock-user-id'}
,Chrome Headless 128.0.0.0 (Linux x86_64) WARN: 'Navigation triggered outside Angular zone, did you forget to call 'ngZone.run()'?'
,Chrome Headless 128.0.0.0 (Linux x86_64) WARN: 'Navigation triggered outside Angular zone, did you forget to call 'ngZone.run()'?'
,Chrome Headless 128.0.0.0 (Linux x86_64) LOG: Error: Erro
Error: Erro
    at errorFactory (http://localhost:9876/_karma_webpack_/webpack:/src/app/pages/profile/profile.component.spec.ts:101:82)
    at Observable._subscribe (http://localhost:9876/_karma_webpack_/webpack:/node_modules/rxjs/dist/esm/internal/observable/throwError.js:5:51)
    at Observable._trySubscribe (http://localhost:9876/_karma_webpack_/webpack:/node_modules/rxjs/dist/esm/internal/Observable.js:37:25)
    at cb (http://localhost:9876/_karma_webpack_/webpack:/node_modules/rxjs/dist/esm/internal/Observable.js:31:30)
    at errorContext (http://localhost:9876/_karma_webpack_/webpack:/node_modules/rxjs/dist/esm/internal/util/errorContext.js:19:9)
    at Observable.subscribe (http://localhost:9876/_karma_webpack_/webpack:/node_modules/rxjs/dist/esm/internal/Observable.js:22:21)
    at ProfileComponent.getUser (http://localhost:9876/_karma_webpack_/webpack:/src/app/pages/profile/profile.component.ts:54:43)
    at UserContext.apply (http://localhost:9876/_karma_webpack_/webpack:/src/app/pages/profile/profile.component.spec.ts:102:15)
    at _ZoneDelegate.invoke (http://localhost:9876/_karma_webpack_/webpack:/node_modules/zone.js/fesm2015/zone.js:368:26)
    at ProxyZoneSpec.onInvoke (http://localhost:9876/_karma_webpack_/webpack:/node_modules/zone.js/fesm2015/zone-testing.js:273:39)
,Chrome Headless 128.0.0.0 (Linux x86_64) LOG: 'Filtering videos with recordVideos:', Object{videos: Object{190329: true, 190330: true}}
,Chrome Headless 128.0.0.0 (Linux x86_64) LOG: 'Keys from recordVideos:', ['190329', '190330']
,Chrome Headless 128.0.0.0 (Linux x86_64) LOG: 'All Videos:', [Object{id: 190329, title: 'Video Title 1'}, Object{id: 190330, title: 'Video Title 2'}, Object{id: 190331, title: 'Video Title 3'}]
,Chrome Headless 128.0.0.0 (Linux x86_64) LOG: 'Filtered Videos:', [Object{id: 190329, title: 'Video Title 1'}, Object{id: 190330, title: 'Video Title 2'}]
,Chrome Headless 128.0.0.0 (Linux x86_64) LOG: 'Tracking updated'
,Chrome Headless 128.0.0.0 (Linux x86_64) LOG: 'Sorting records, ascending:', true
,Chrome Headless 128.0.0.0 (Linux x86_64) LOG: 'Response from backend:', Object{190329: '2024-08-14 12:00:00', 190330: '2024-08-14 13:00:00'}
,Chrome Headless 128.0.0.0 (Linux x86_64) LOG: 'Video IDs from backend:', ['190329', '190330']
,Chrome Headless 128.0.0.0 (Linux x86_64) LOG: 'Filtered videos after processing:', [Object{id: 190329, title: 'Video Title 1'}, Object{id: 190330, title: 'Video Title 2'}]
,Chrome Headless 128.0.0.0 (Linux x86_64) LOG: 'Sorting records, ascending:', true
,Chrome Headless 128.0.0.0 (Linux x86_64) ERROR: Error: Erro
Error: Erro
    at errorFactory (http://localhost:9876/_karma_webpack_/webpack:/src/app/pages/stream-view/stream-view.component.spec.ts:161:26)
    at Observable._subscribe (http://localhost:9876/_karma_webpack_/webpack:/node_modules/rxjs/dist/esm/internal/observable/throwError.js:5:51)
    at Observable._trySubscribe (http://localhost:9876/_karma_webpack_/webpack:/node_modules/rxjs/dist/esm/internal/Observable.js:37:25)
    at cb (http://localhost:9876/_karma_webpack_/webpack:/node_modules/rxjs/dist/esm/internal/Observable.js:31:30)
    at errorContext (http://localhost:9876/_karma_webpack_/webpack:/node_modules/rxjs/dist/esm/internal/util/errorContext.js:19:9)
    at Observable.subscribe (http://localhost:9876/_karma_webpack_/webpack:/node_modules/rxjs/dist/esm/internal/Observable.js:22:21)
    at StreamViewComponent.getTodaysSchedule (http://localhost:9876/_karma_webpack_/webpack:/src/app/pages/stream-view/stream-view.component.ts:51:36)
    at UserContext.apply (http://localhost:9876/_karma_webpack_/webpack:/src/app/pages/stream-view/stream-view.component.spec.ts:163:17)
    at _ZoneDelegate.invoke (http://localhost:9876/_karma_webpack_/webpack:/node_modules/zone.js/fesm2015/zone.js:368:26)
    at ProxyZoneSpec.onInvoke (http://localhost:9876/_karma_webpack_/webpack:/node_modules/zone.js/fesm2015/zone-testing.js:273:39)
,Chrome Headless 128.0.0.0 (Linux x86_64) LOG: undefined
,Chrome Headless 128.0.0.0 (Linux x86_64) ERROR: Error: Erro
Error: Erro
    at errorFactory (http://localhost:9876/_karma_webpack_/webpack:/src/app/pages/video/video.component.spec.ts:192:24)
    at Observable._subscribe (http://localhost:9876/_karma_webpack_/webpack:/node_modules/rxjs/dist/esm/internal/observable/throwError.js:5:51)
    at Observable._trySubscribe (http://localhost:9876/_karma_webpack_/webpack:/node_modules/rxjs/dist/esm/internal/Observable.js:37:25)
    at cb (http://localhost:9876/_karma_webpack_/webpack:/node_modules/rxjs/dist/esm/internal/Observable.js:31:30)
    at errorContext (http://localhost:9876/_karma_webpack_/webpack:/node_modules/rxjs/dist/esm/internal/util/errorContext.js:19:9)
    at Observable.subscribe (http://localhost:9876/_karma_webpack_/webpack:/node_modules/rxjs/dist/esm/internal/Observable.js:22:21)
    at VideoComponent.getVideos (http://localhost:9876/_karma_webpack_/webpack:/src/app/pages/video/video.component.ts:21:42)
    at UserContext.apply (http://localhost:9876/_karma_webpack_/webpack:/src/app/pages/video/video.component.spec.ts:194:15)
    at _ZoneDelegate.invoke (http://localhost:9876/_karma_webpack_/webpack:/node_modules/zone.js/fesm2015/zone.js:368:26)
    at ProxyZoneSpec.onInvoke (http://localhost:9876/_karma_webpack_/webpack:/node_modules/zone.js/fesm2015/zone-testing.js:273:39)
,Chrome Headless 128.0.0.0 (Linux x86_64) ERROR: 'Erro', Error: Erro
Error: Erro
    at errorFactory (http://localhost:9876/_karma_webpack_/webpack:/src/app/pages/update-role/update-role.component.spec.ts:96:86)
    at Observable._subscribe (http://localhost:9876/_karma_webpack_/webpack:/node_modules/rxjs/dist/esm/internal/observable/throwError.js:5:51)
    at Observable._trySubscribe (http://localhost:9876/_karma_webpack_/webpack:/node_modules/rxjs/dist/esm/internal/Observable.js:37:25)
    at cb (http://localhost:9876/_karma_webpack_/webpack:/node_modules/rxjs/dist/esm/internal/Observable.js:31:30)
    at errorContext (http://localhost:9876/_karma_webpack_/webpack:/node_modules/rxjs/dist/esm/internal/util/errorContext.js:19:9)
    at Observable.subscribe (http://localhost:9876/_karma_webpack_/webpack:/node_modules/rxjs/dist/esm/internal/Observable.js:22:21)
    at UpdateRoleComponent.getAllUsers (http://localhost:9876/_karma_webpack_/webpack:/src/app/pages/update-role/update-role.component.ts:66:8)
    at UserContext.apply (http://localhost:9876/_karma_webpack_/webpack:/src/app/pages/update-role/update-role.component.spec.ts:97:15)
    at _ZoneDelegate.invoke (http://localhost:9876/_karma_webpack_/webpack:/node_modules/zone.js/fesm2015/zone.js:368:26)
    at ProxyZoneSpec.onInvoke (http://localhost:9876/_karma_webpack_/webpack:/node_modules/zone.js/fesm2015/zone-testing.js:273:39)
,Chrome Headless 128.0.0.0 (Linux x86_64) LOG: Object{}
,Chrome Headless 128.0.0.0 (Linux x86_64) ERROR: 'Erro', Error: Erro
Error: Erro
    at errorFactory (http://localhost:9876/_karma_webpack_/webpack:/src/app/pages/update-role/update-role.component.spec.ts:128:89)
    at Observable._subscribe (http://localhost:9876/_karma_webpack_/webpack:/node_modules/rxjs/dist/esm/internal/observable/throwError.js:5:51)
    at Observable._trySubscribe (http://localhost:9876/_karma_webpack_/webpack:/node_modules/rxjs/dist/esm/internal/Observable.js:37:25)
    at cb (http://localhost:9876/_karma_webpack_/webpack:/node_modules/rxjs/dist/esm/internal/Observable.js:31:30)
    at errorContext (http://localhost:9876/_karma_webpack_/webpack:/node_modules/rxjs/dist/esm/internal/util/errorContext.js:19:9)
    at Observable.subscribe (http://localhost:9876/_karma_webpack_/webpack:/node_modules/rxjs/dist/esm/internal/Observable.js:22:21)
    at UpdateRoleComponent.updateUserRole (http://localhost:9876/_karma_webpack_/webpack:/src/app/pages/update-role/update-role.component.ts:31:41)
    at UserContext.apply (http://localhost:9876/_karma_webpack_/webpack:/src/app/pages/update-role/update-role.component.spec.ts:129:15)
    at _ZoneDelegate.invoke (http://localhost:9876/_karma_webpack_/webpack:/node_modules/zone.js/fesm2015/zone.js:368:26)
    at ProxyZoneSpec.onInvoke (http://localhost:9876/_karma_webpack_/webpack:/node_modules/zone.js/fesm2015/zone-testing.js:273:39)
,Chrome Headless 128.0.0.0 (Linux x86_64) LOG: 'Tracking status:', true
,Chrome Headless 128.0.0.0 (Linux x86_64) LOG: 'Tracking status:', true
,Chrome Headless 128.0.0.0 (Linux x86_64) LOG: 'Tracking status:', true
,Chrome Headless 128.0.0.0 (Linux x86_64) LOG: 'Tracking status:', true
,Chrome Headless 128.0.0.0 (Linux x86_64) LOG: 'Tracking status:', true
,Chrome Headless 128.0.0.0 (Linux x86_64) LOG: 'Compartilhado com sucesso'
,Chrome Headless 128.0.0.0 (Linux x86_64) LOG: 'Tracking status:', true
,Chrome Headless 128.0.0.0 (Linux x86_64) LOG: 'Tracking status:', true
,Chrome Headless 128.0.0.0 (Linux x86_64) LOG: 'URL copiada com sucesso'
,Chrome Headless 128.0.0.0 (Linux x86_64) LOG: 'Tracking status:', true
,Chrome Headless 128.0.0.0 (Linux x86_64) LOG: 'Tracking status:', true
,Chrome Headless 128.0.0.0 (Linux x86_64) LOG: 'Tracking status:', true
,Chrome Headless 128.0.0.0 (Linux x86_64) LOG: 'Tracking status:', true
,Chrome Headless 128.0.0.0 (Linux x86_64) LOG: 'Tracking status:', true
,Chrome Headless 128.0.0.0 (Linux x86_64) LOG: 'Tracking status:', true
,Chrome Headless 128.0.0.0 (Linux x86_64) ERROR: 'Error removing from favorite', 'Error'
,Chrome Headless 128.0.0.0 (Linux x86_64) ERROR: 'Error adding to favorite', 'Error'
,Chrome Headless 128.0.0.0 (Linux x86_64) LOG: 'Tracking status:', true
,Chrome Headless 128.0.0.0 (Linux x86_64) LOG: 'Tracking status:', true
,Chrome Headless 128.0.0.0 (Linux x86_64) LOG: 'Tracking status:', true
,Chrome Headless 128.0.0.0 (Linux x86_64) LOG: 'Tracking status:', true
,Chrome Headless 128.0.0.0 (Linux x86_64) LOG: 'Tracking status:', true
,Chrome Headless 128.0.0.0 (Linux x86_64) LOG: 'Tracking status:', true
,Chrome Headless 128.0.0.0 (Linux x86_64) LOG: 'Tracking status:', true
,Chrome Headless 128.0.0.0 (Linux x86_64) LOG: 'Tracking status:', true
,Chrome Headless 128.0.0.0 (Linux x86_64) LOG: 'Tracking status:', true
,Chrome Headless 128.0.0.0 (Linux x86_64) LOG: 'Tracking status:', true

]]>
  </system-out>
  <system-err/>
</testsuite>
